TN:
SF:src/routes/rooms.ts
FN:11,(anonymous_9)
FN:45,(anonymous_10)
FN:73,(anonymous_11)
FNF:3
FNH:3
FNDA:7,(anonymous_9)
FNDA:2,(anonymous_10)
FNDA:2,(anonymous_11)
DA:1,1
DA:2,1
DA:5,1
DA:11,1
DA:12,7
DA:13,7
DA:16,7
DA:17,2
DA:22,5
DA:25,5
DA:26,5
DA:28,5
DA:34,5
DA:36,0
DA:37,0
DA:45,1
DA:46,2
DA:47,2
DA:49,2
DA:51,2
DA:52,1
DA:57,1
DA:62,1
DA:64,0
DA:65,0
DA:73,1
DA:74,2
DA:75,2
DA:76,2
DA:78,2
DA:80,0
DA:81,0
DA:85,1
LF:33
LH:27
BRDA:16,0,0,2
BRDA:16,1,0,7
BRDA:16,1,1,6
BRDA:25,2,0,5
BRDA:25,2,1,5
BRDA:25,3,0,5
BRDA:25,3,1,5
BRDA:51,4,0,1
BRF:8
BRH:8
end_of_record
TN:
SF:src/services/roomService.ts
FN:16,generateRoomId
FN:29,createRoom
FN:57,getRoom
FN:75,roomExists
FN:82,isRoomExpired
FN:91,getParticipantCount
FN:99,isRoomFull
FN:108,addSession
FN:124,removeSession
FN:138,getSession
FN:147,updateSessionNickname
FN:161,getRoomSessions
FN:170,addMessage
FN:187,getRecentMessages
FN:196,deleteRoom
FN:207,cleanupExpiredRooms
FN:224,getAllRooms
FN:226,(anonymous_17)
FN:232,clearAll
FNF:19
FNH:18
FNDA:124,generateRoomId
FNDA:126,createRoom
FNDA:36,getRoom
FNDA:4,roomExists
FNDA:0,isRoomExpired
FNDA:18,getParticipantCount
FNDA:13,isRoomFull
FNDA:13,addSession
FNDA:1,removeSession
FNDA:2,getSession
FNDA:1,updateSessionNickname
FNDA:1,getRoomSessions
FNDA:12,addMessage
FNDA:3,getRecentMessages
FNDA:2,deleteRoom
FNDA:1,cleanupExpiredRooms
FNDA:3,getAllRooms
FNDA:2,(anonymous_17)
FNDA:32,clearAll
DA:5,2
DA:6,2
DA:7,2
DA:10,2
DA:11,2
DA:18,124
DA:19,124
DA:20,124
DA:21,992
DA:23,124
DA:29,2
DA:31,126
DA:32,2
DA:35,124
DA:36,124
DA:37,124
DA:39,124
DA:47,124
DA:48,124
DA:49,124
DA:51,124
DA:57,2
DA:58,36
DA:60,36
DA:61,6
DA:65,30
DA:66,1
DA:69,29
DA:75,2
DA:76,4
DA:82,2
DA:83,0
DA:84,0
DA:85,0
DA:91,2
DA:92,18
DA:93,18
DA:99,2
DA:100,13
DA:101,13
DA:102,13
DA:108,2
DA:109,13
DA:110,13
DA:112,12
DA:114,12
DA:115,12
DA:117,12
DA:118,12
DA:124,2
DA:125,1
DA:126,1
DA:128,1
DA:129,1
DA:130,1
DA:132,1
DA:138,2
DA:139,2
DA:140,2
DA:141,2
DA:147,2
DA:148,1
DA:149,1
DA:151,1
DA:152,1
DA:154,1
DA:155,1
DA:161,2
DA:162,1
DA:163,1
DA:164,1
DA:170,2
DA:171,12
DA:172,12
DA:174,12
DA:177,12
DA:178,0
DA:181,12
DA:187,2
DA:188,3
DA:189,3
DA:190,1
DA:196,2
DA:197,2
DA:198,2
DA:199,2
DA:200,2
DA:201,2
DA:207,2
DA:208,1
DA:209,1
DA:211,1
DA:212,1
DA:213,1
DA:214,1
DA:218,1
DA:224,2
DA:225,3
DA:226,3
DA:232,2
DA:233,32
DA:234,32
DA:235,32
DA:239,2
DA:240,2
DA:241,2
LF:106
LH:102
BRDA:31,0,0,2
BRDA:60,1,0,6
BRDA:65,2,0,1
BRDA:84,3,0,0
BRDA:93,4,0,17
BRDA:93,4,1,1
BRDA:101,5,0,0
BRDA:110,6,0,1
BRDA:112,7,0,0
BRDA:115,8,0,0
BRDA:126,9,0,0
BRDA:129,10,0,1
BRDA:132,11,0,1
BRDA:132,11,1,0
BRDA:140,12,0,0
BRDA:141,13,0,2
BRDA:141,13,1,0
BRDA:149,14,0,0
BRDA:152,15,0,0
BRDA:163,16,0,0
BRDA:172,17,0,0
BRDA:177,18,0,0
BRDA:187,19,0,2
BRDA:189,20,0,2
BRDA:212,21,0,1
BRF:25
BRH:12
end_of_record
TN:
SF:src/services/socketService.ts
FN:18,setupSocketHandlers
FN:21,(anonymous_10)
FN:25,(anonymous_11)
FN:95,(anonymous_12)
FN:145,(anonymous_13)
FN:184,(anonymous_14)
FN:203,startCleanupInterval
FN:204,(anonymous_16)
FNF:8
FNH:0
FNDA:0,setupSocketHandlers
FNDA:0,(anonymous_10)
FNDA:0,(anonymous_11)
FNDA:0,(anonymous_12)
FNDA:0,(anonymous_13)
FNDA:0,(anonymous_14)
FNDA:0,startCleanupInterval
FNDA:0,(anonymous_16)
DA:2,0
DA:3,0
DA:4,0
DA:5,0
DA:18,0
DA:21,0
DA:22,0
DA:25,0
DA:26,0
DA:27,0
DA:30,0
DA:31,0
DA:32,0
DA:33,0
DA:37,0
DA:38,0
DA:39,0
DA:43,0
DA:44,0
DA:45,0
DA:48,0
DA:57,0
DA:58,0
DA:59,0
DA:60,0
DA:64,0
DA:65,0
DA:66,0
DA:67,0
DA:70,0
DA:73,0
DA:76,0
DA:79,0
DA:85,0
DA:87,0
DA:89,0
DA:90,0
DA:95,0
DA:96,0
DA:97,0
DA:98,0
DA:101,0
DA:102,0
DA:103,0
DA:107,0
DA:108,0
DA:109,0
DA:110,0
DA:114,0
DA:115,0
DA:116,0
DA:117,0
DA:121,0
DA:132,0
DA:135,0
DA:137,0
DA:139,0
DA:140,0
DA:145,0
DA:146,0
DA:147,0
DA:148,0
DA:151,0
DA:152,0
DA:153,0
DA:157,0
DA:158,0
DA:159,0
DA:160,0
DA:164,0
DA:165,0
DA:166,0
DA:167,0
DA:171,0
DA:174,0
DA:176,0
DA:178,0
DA:179,0
DA:184,0
DA:185,0
DA:187,0
DA:189,0
DA:192,0
DA:194,0
DA:197,0
DA:203,0
DA:204,0
DA:205,0
DA:206,0
DA:207,0
LF:90
LH:0
BRDA:31,0,0,0
BRDA:37,1,0,0
BRDA:58,2,0,0
BRDA:101,3,0,0
BRDA:101,4,0,0
BRDA:101,4,1,0
BRDA:107,5,0,0
BRDA:115,6,0,0
BRDA:151,7,0,0
BRDA:151,8,0,0
BRDA:151,8,1,0
BRDA:158,9,0,0
BRDA:165,10,0,0
BRDA:187,11,0,0
BRDA:187,12,0,0
BRDA:187,12,1,0
BRDA:203,13,0,0
BRDA:206,14,0,0
BRF:18
BRH:0
end_of_record
TN:
SF:src/utils/identity.ts
FN:46,generateNickname
FN:56,generateColor
FN:66,validateNickname
FNF:3
FNH:3
FNDA:151,generateNickname
FNDA:51,generateColor
FNDA:15,validateNickname
DA:2,1
DA:13,1
DA:24,1
DA:46,1
DA:47,151
DA:48,151
DA:49,151
DA:50,151
DA:56,1
DA:57,51
DA:66,1
DA:67,15
DA:68,3
DA:71,12
DA:73,12
DA:74,1
DA:77,11
DA:78,1
DA:81,10
DA:82,4
DA:85,6
DA:88,1
LF:22
LH:22
BRDA:67,0,0,3
BRDA:67,1,0,15
BRDA:67,1,1,12
BRDA:73,2,0,1
BRDA:77,3,0,1
BRDA:81,4,0,4
BRF:6
BRH:6
end_of_record
TN:
SF:src/utils/message.ts
FN:16,validateMessage
FN:70,escapeHtml
FN:79,(anonymous_2)
FN:85,extractUrls
FN:94,isEmojiOnly
FNF:5
FNH:5
FNDA:14,validateMessage
FNDA:13,escapeHtml
FNDA:13,(anonymous_2)
FNDA:5,extractUrls
FNDA:7,isEmojiOnly
DA:2,1
DA:5,1
DA:8,1
DA:16,1
DA:22,14
DA:23,3
DA:26,11
DA:28,11
DA:29,1
DA:32,10
DA:33,1
DA:41,9
DA:42,9
DA:43,31
DA:44,2
DA:53,7
DA:54,7
DA:55,43
DA:56,1
DA:57,1
DA:62,7
DA:64,7
DA:70,1
DA:71,13
DA:79,13
DA:85,1
DA:86,5
DA:87,5
DA:88,5
DA:94,1
DA:96,7
DA:97,7
DA:98,7
DA:101,1
LF:34
LH:34
BRDA:22,0,0,3
BRDA:22,1,0,14
BRDA:22,1,1,11
BRDA:28,2,0,1
BRDA:32,3,0,1
BRDA:43,4,0,2
BRDA:55,5,0,1
BRDA:64,6,0,1
BRDA:64,6,1,6
BRDA:79,7,0,13
BRDA:79,7,1,0
BRDA:88,8,0,5
BRDA:88,8,1,1
BRDA:98,9,0,7
BRDA:98,9,1,5
BRF:15
BRH:14
end_of_record
