TN:
SF:src/routes/rooms.ts
FN:11,(anonymous_9)
FN:46,(anonymous_10)
FN:83,(anonymous_11)
FNF:3
FNH:0
FNDA:0,(anonymous_9)
FNDA:0,(anonymous_10)
FNDA:0,(anonymous_11)
DA:1,0
DA:2,0
DA:5,0
DA:11,0
DA:12,0
DA:13,0
DA:16,0
DA:17,0
DA:22,0
DA:25,0
DA:26,0
DA:28,0
DA:35,0
DA:37,0
DA:38,0
DA:46,0
DA:47,0
DA:48,0
DA:50,0
DA:52,0
DA:53,0
DA:59,0
DA:67,0
DA:72,0
DA:74,0
DA:75,0
DA:83,0
DA:84,0
DA:85,0
DA:86,0
DA:88,0
DA:90,0
DA:91,0
DA:95,0
LF:34
LH:0
BRDA:16,0,0,0
BRDA:16,1,0,0
BRDA:16,1,1,0
BRDA:25,2,0,0
BRDA:25,2,1,0
BRDA:25,3,0,0
BRDA:25,3,1,0
BRDA:52,4,0,0
BRF:8
BRH:0
end_of_record
TN:
SF:src/services/roomService.ts
FN:18,generateRoomId
FN:31,generateOwnerToken
FN:44,createRoom
FN:76,getRoom
FN:94,roomExists
FN:101,isRoomExpired
FN:110,getParticipantCount
FN:118,isRoomFull
FN:127,isSessionBanned
FN:136,addSession
FN:157,removeSession
FN:171,getSession
FN:180,updateSessionNickname
FN:194,getRoomSessions
FN:203,addMessage
FN:220,getRecentMessages
FN:229,verifyOwnerToken
FN:238,getOwnerToken
FN:247,setOwnerSession
FN:257,getOwnerSession
FN:264,isOwnerSession
FN:272,transferOwner
FN:291,ejectUser
FN:298,banUser
FN:319,isUserBanned
FN:326,deleteRoom
FN:339,cleanupExpiredRooms
FN:356,getAllRooms
FN:358,(anonymous_28)
FN:364,clearAll
FNF:30
FNH:20
FNDA:22,generateRoomId
FNDA:22,generateOwnerToken
FNDA:22,createRoom
FNDA:98,getRoom
FNDA:0,roomExists
FNDA:0,isRoomExpired
FNDA:45,getParticipantCount
FNDA:35,isRoomFull
FNDA:52,isSessionBanned
FNDA:39,addSession
FNDA:20,removeSession
FNDA:7,getSession
FNDA:0,updateSessionNickname
FNDA:0,getRoomSessions
FNDA:0,addMessage
FNDA:0,getRecentMessages
FNDA:3,verifyOwnerToken
FNDA:0,getOwnerToken
FNDA:4,setOwnerSession
FNDA:4,getOwnerSession
FNDA:4,isOwnerSession
FNDA:4,transferOwner
FNDA:7,ejectUser
FNDA:12,banUser
FNDA:12,isUserBanned
FNDA:1,deleteRoom
FNDA:0,cleanupExpiredRooms
FNDA:0,getAllRooms
FNDA:0,(anonymous_28)
FNDA:22,clearAll
DA:5,1
DA:6,1
DA:7,1
DA:8,1
DA:9,1
DA:12,1
DA:13,1
DA:20,22
DA:21,22
DA:22,22
DA:23,176
DA:25,22
DA:33,22
DA:34,22
DA:35,22
DA:36,704
DA:38,22
DA:44,1
DA:46,22
DA:47,0
DA:50,22
DA:51,22
DA:52,22
DA:53,22
DA:55,22
DA:64,22
DA:65,22
DA:66,22
DA:67,22
DA:70,22
DA:76,1
DA:77,98
DA:79,98
DA:80,2
DA:84,96
DA:85,0
DA:88,96
DA:94,1
DA:95,0
DA:101,1
DA:102,0
DA:103,0
DA:104,0
DA:110,1
DA:111,45
DA:112,45
DA:118,1
DA:119,35
DA:120,35
DA:121,35
DA:127,1
DA:128,52
DA:129,52
DA:130,52
DA:136,1
DA:137,39
DA:138,39
DA:141,39
DA:142,4
DA:145,35
DA:147,35
DA:148,35
DA:150,35
DA:151,35
DA:157,1
DA:158,20
DA:159,20
DA:161,20
DA:162,20
DA:163,14
DA:165,20
DA:171,1
DA:172,7
DA:173,7
DA:174,7
DA:180,1
DA:181,0
DA:182,0
DA:184,0
DA:185,0
DA:187,0
DA:188,0
DA:194,1
DA:195,0
DA:196,0
DA:197,0
DA:203,1
DA:204,0
DA:205,0
DA:207,0
DA:210,0
DA:211,0
DA:214,0
DA:220,1
DA:221,0
DA:222,0
DA:223,0
DA:229,1
DA:230,3
DA:231,3
DA:232,2
DA:238,1
DA:239,0
DA:240,0
DA:241,0
DA:247,1
DA:248,4
DA:249,4
DA:250,4
DA:251,4
DA:257,1
DA:258,4
DA:264,1
DA:265,4
DA:266,4
DA:272,1
DA:273,4
DA:274,4
DA:277,4
DA:280,3
DA:281,3
DA:284,2
DA:285,2
DA:291,1
DA:292,7
DA:298,1
DA:299,12
DA:300,12
DA:302,12
DA:303,12
DA:304,0
DA:305,0
DA:308,12
DA:311,12
DA:313,12
DA:319,1
DA:320,12
DA:326,1
DA:327,1
DA:328,1
DA:329,1
DA:330,1
DA:331,1
DA:332,1
DA:333,1
DA:339,1
DA:340,0
DA:341,0
DA:343,0
DA:344,0
DA:345,0
DA:346,0
DA:350,0
DA:356,1
DA:357,0
DA:358,0
DA:364,1
DA:365,22
DA:366,22
DA:367,22
DA:368,22
DA:369,22
DA:373,1
DA:374,1
DA:375,1
LF:165
LH:127
BRDA:46,0,0,0
BRDA:79,1,0,2
BRDA:84,2,0,0
BRDA:103,3,0,0
BRDA:112,4,0,45
BRDA:112,4,1,0
BRDA:120,5,0,0
BRDA:129,6,0,0
BRDA:138,7,0,0
BRDA:141,8,0,4
BRDA:145,9,0,0
BRDA:148,10,0,0
BRDA:159,11,0,0
BRDA:162,12,0,14
BRDA:165,13,0,20
BRDA:165,13,1,6
BRDA:173,14,0,0
BRDA:174,15,0,7
BRDA:174,15,1,3
BRDA:182,16,0,0
BRDA:185,17,0,0
BRDA:196,18,0,0
BRDA:205,19,0,0
BRDA:210,20,0,0
BRDA:220,21,0,0
BRDA:222,22,0,0
BRDA:231,23,0,1
BRDA:240,24,0,0
BRDA:249,25,0,0
BRDA:258,26,0,4
BRDA:258,26,1,0
BRDA:274,27,0,0
BRDA:277,28,0,1
BRDA:281,29,0,1
BRDA:300,30,0,0
BRDA:303,31,0,0
BRDA:344,32,0,0
BRF:37
BRH:12
end_of_record
TN:
SF:src/services/socketService.ts
FN:19,setupSocketHandlers
FN:22,(anonymous_10)
FN:26,(anonymous_11)
FN:129,(anonymous_12)
FN:179,(anonymous_13)
FN:218,(anonymous_14)
FN:278,(anonymous_15)
FN:338,(anonymous_16)
FN:399,(anonymous_17)
FN:418,startCleanupInterval
FN:419,(anonymous_19)
FNF:11
FNH:0
FNDA:0,setupSocketHandlers
FNDA:0,(anonymous_10)
FNDA:0,(anonymous_11)
FNDA:0,(anonymous_12)
FNDA:0,(anonymous_13)
FNDA:0,(anonymous_14)
FNDA:0,(anonymous_15)
FNDA:0,(anonymous_16)
FNDA:0,(anonymous_17)
FNDA:0,startCleanupInterval
FNDA:0,(anonymous_19)
DA:2,0
DA:3,0
DA:4,0
DA:5,0
DA:19,0
DA:22,0
DA:23,0
DA:26,0
DA:27,0
DA:28,0
DA:31,0
DA:32,0
DA:33,0
DA:34,0
DA:38,0
DA:39,0
DA:40,0
DA:44,0
DA:45,0
DA:46,0
DA:49,0
DA:58,0
DA:59,0
DA:61,0
DA:62,0
DA:64,0
DA:66,0
DA:70,0
DA:71,0
DA:73,0
DA:74,0
DA:75,0
DA:76,0
DA:78,0
DA:79,0
DA:84,0
DA:85,0
DA:86,0
DA:87,0
DA:88,0
DA:91,0
DA:94,0
DA:97,0
DA:100,0
DA:103,0
DA:112,0
DA:119,0
DA:121,0
DA:123,0
DA:124,0
DA:129,0
DA:130,0
DA:131,0
DA:132,0
DA:135,0
DA:136,0
DA:137,0
DA:141,0
DA:142,0
DA:143,0
DA:144,0
DA:148,0
DA:149,0
DA:150,0
DA:151,0
DA:155,0
DA:166,0
DA:169,0
DA:171,0
DA:173,0
DA:174,0
DA:179,0
DA:180,0
DA:181,0
DA:182,0
DA:185,0
DA:186,0
DA:187,0
DA:191,0
DA:192,0
DA:193,0
DA:194,0
DA:198,0
DA:199,0
DA:200,0
DA:201,0
DA:205,0
DA:208,0
DA:210,0
DA:212,0
DA:213,0
DA:218,0
DA:219,0
DA:220,0
DA:221,0
DA:224,0
DA:225,0
DA:226,0
DA:230,0
DA:231,0
DA:232,0
DA:236,0
DA:237,0
DA:238,0
DA:239,0
DA:243,0
DA:244,0
DA:245,0
DA:249,0
DA:250,0
DA:251,0
DA:252,0
DA:256,0
DA:257,0
DA:258,0
DA:259,0
DA:260,0
DA:261,0
DA:262,0
DA:267,0
DA:269,0
DA:270,0
DA:272,0
DA:273,0
DA:278,0
DA:279,0
DA:280,0
DA:281,0
DA:284,0
DA:285,0
DA:286,0
DA:290,0
DA:291,0
DA:292,0
DA:296,0
DA:297,0
DA:298,0
DA:299,0
DA:303,0
DA:304,0
DA:305,0
DA:309,0
DA:310,0
DA:311,0
DA:312,0
DA:316,0
DA:317,0
DA:318,0
DA:319,0
DA:320,0
DA:321,0
DA:322,0
DA:327,0
DA:329,0
DA:330,0
DA:332,0
DA:333,0
DA:338,0
DA:339,0
DA:340,0
DA:341,0
DA:344,0
DA:345,0
DA:346,0
DA:350,0
DA:351,0
DA:352,0
DA:356,0
DA:357,0
DA:358,0
DA:362,0
DA:363,0
DA:364,0
DA:365,0
DA:369,0
DA:370,0
DA:371,0
DA:375,0
DA:376,0
DA:377,0
DA:378,0
DA:382,0
DA:385,0
DA:390,0
DA:391,0
DA:393,0
DA:394,0
DA:399,0
DA:400,0
DA:402,0
DA:404,0
DA:407,0
DA:409,0
DA:412,0
DA:418,0
DA:419,0
DA:420,0
DA:421,0
DA:422,0
LF:199
LH:0
BRDA:32,0,0,0
BRDA:38,1,0,0
BRDA:59,2,0,0
BRDA:61,3,0,0
BRDA:61,3,1,0
BRDA:71,4,0,0
BRDA:71,5,0,0
BRDA:71,5,1,0
BRDA:74,6,0,0
BRDA:135,7,0,0
BRDA:135,8,0,0
BRDA:135,8,1,0
BRDA:141,9,0,0
BRDA:149,10,0,0
BRDA:185,11,0,0
BRDA:185,12,0,0
BRDA:185,12,1,0
BRDA:192,13,0,0
BRDA:199,14,0,0
BRDA:224,15,0,0
BRDA:230,16,0,0
BRDA:237,17,0,0
BRDA:243,18,0,0
BRDA:250,19,0,0
BRDA:258,20,0,0
BRDA:284,21,0,0
BRDA:290,22,0,0
BRDA:297,23,0,0
BRDA:303,24,0,0
BRDA:310,25,0,0
BRDA:318,26,0,0
BRDA:344,27,0,0
BRDA:350,28,0,0
BRDA:356,29,0,0
BRDA:363,30,0,0
BRDA:369,31,0,0
BRDA:376,32,0,0
BRDA:402,33,0,0
BRDA:402,34,0,0
BRDA:402,34,1,0
BRDA:418,35,0,0
BRDA:421,36,0,0
BRF:42
BRH:0
end_of_record
TN:
SF:src/utils/identity.ts
FN:46,generateNickname
FN:56,generateColor
FN:66,validateNickname
FNF:3
FNH:0
FNDA:0,generateNickname
FNDA:0,generateColor
FNDA:0,validateNickname
DA:2,0
DA:13,0
DA:24,0
DA:46,0
DA:47,0
DA:48,0
DA:49,0
DA:50,0
DA:56,0
DA:57,0
DA:66,0
DA:67,0
DA:68,0
DA:71,0
DA:73,0
DA:74,0
DA:77,0
DA:78,0
DA:81,0
DA:82,0
DA:85,0
DA:88,0
LF:22
LH:0
BRDA:67,0,0,0
BRDA:67,1,0,0
BRDA:67,1,1,0
BRDA:73,2,0,0
BRDA:77,3,0,0
BRDA:81,4,0,0
BRF:6
BRH:0
end_of_record
TN:
SF:src/utils/message.ts
FN:16,validateMessage
FN:70,escapeHtml
FN:79,(anonymous_2)
FN:85,extractUrls
FN:94,isEmojiOnly
FNF:5
FNH:0
FNDA:0,validateMessage
FNDA:0,escapeHtml
FNDA:0,(anonymous_2)
FNDA:0,extractUrls
FNDA:0,isEmojiOnly
DA:2,0
DA:5,0
DA:8,0
DA:16,0
DA:22,0
DA:23,0
DA:26,0
DA:28,0
DA:29,0
DA:32,0
DA:33,0
DA:41,0
DA:42,0
DA:43,0
DA:44,0
DA:53,0
DA:54,0
DA:55,0
DA:56,0
DA:57,0
DA:62,0
DA:64,0
DA:70,0
DA:71,0
DA:79,0
DA:85,0
DA:86,0
DA:87,0
DA:88,0
DA:94,0
DA:96,0
DA:97,0
DA:98,0
DA:101,0
LF:34
LH:0
BRDA:22,0,0,0
BRDA:22,1,0,0
BRDA:22,1,1,0
BRDA:28,2,0,0
BRDA:32,3,0,0
BRDA:43,4,0,0
BRDA:55,5,0,0
BRDA:64,6,0,0
BRDA:64,6,1,0
BRDA:79,7,0,0
BRDA:79,7,1,0
BRDA:88,8,0,0
BRDA:88,8,1,0
BRDA:98,9,0,0
BRDA:98,9,1,0
BRF:15
BRH:0
end_of_record
